17:20:38 **** Build of configuration Debug for project MPU6050_drivers ****
make -j8 all 
arm-none-eabi-gcc -mcpu=cortex-m4 -g3 -c -x assembler-with-cpp -MMD -MP -MF"Startup/startup_stm32f446retx.d" -MT"Startup/startup_stm32f446retx.o" --specs=nano.specs -mfpu=fpv4-sp-d16 -mfloat-abi=hard -mthumb -o "Startup/startup_stm32f446retx.o" "../Startup/startup_stm32f446retx.s"
arm-none-eabi-gcc "../Src/008I2C_master_Tx_test.c" -mcpu=cortex-m4 -std=gnu11 -g3 -DSTM32 -DSTM32F4 -DSTM32F446RETx -DDEBUG -DNUCLEO_F446RE -c -I../Inc -I"/home/ark/st/MPU6050_Drivers/MPU6050_drivers/MiddleWare/Inc" -O0 -ffunction-sections -fdata-sections -Wall -fstack-usage -MMD -MP -MF"Src/008I2C_master_Tx_test.d" -MT"Src/008I2C_master_Tx_test.o" --specs=nano.specs -mfpu=fpv4-sp-d16 -mfloat-abi=hard -mthumb -o "Src/008I2C_master_Tx_test.o"
arm-none-eabi-gcc "../Src/main.c" -mcpu=cortex-m4 -std=gnu11 -g3 -DSTM32 -DSTM32F4 -DSTM32F446RETx -DDEBUG -DNUCLEO_F446RE -c -I../Inc -I"/home/ark/st/MPU6050_Drivers/MPU6050_drivers/MiddleWare/Inc" -O0 -ffunction-sections -fdata-sections -Wall -fstack-usage -MMD -MP -MF"Src/main.d" -MT"Src/main.o" --specs=nano.specs -mfpu=fpv4-sp-d16 -mfloat-abi=hard -mthumb -o "Src/main.o"
arm-none-eabi-gcc "../Src/mpu6050.c" -mcpu=cortex-m4 -std=gnu11 -g3 -DSTM32 -DSTM32F4 -DSTM32F446RETx -DDEBUG -DNUCLEO_F446RE -c -I../Inc -I"/home/ark/st/MPU6050_Drivers/MPU6050_drivers/MiddleWare/Inc" -O0 -ffunction-sections -fdata-sections -Wall -fstack-usage -MMD -MP -MF"Src/mpu6050.d" -MT"Src/mpu6050.o" --specs=nano.specs -mfpu=fpv4-sp-d16 -mfloat-abi=hard -mthumb -o "Src/mpu6050.o"
arm-none-eabi-gcc "../Src/sysmem.c" -mcpu=cortex-m4 -std=gnu11 -g3 -DSTM32 -DSTM32F4 -DSTM32F446RETx -DDEBUG -DNUCLEO_F446RE -c -I../Inc -I"/home/ark/st/MPU6050_Drivers/MPU6050_drivers/MiddleWare/Inc" -O0 -ffunction-sections -fdata-sections -Wall -fstack-usage -MMD -MP -MF"Src/sysmem.d" -MT"Src/sysmem.o" --specs=nano.specs -mfpu=fpv4-sp-d16 -mfloat-abi=hard -mthumb -o "Src/sysmem.o"
arm-none-eabi-gcc "../MiddleWare/Src/stm32f446xx_gpio.c" -mcpu=cortex-m4 -std=gnu11 -g3 -DSTM32 -DSTM32F4 -DSTM32F446RETx -DDEBUG -DNUCLEO_F446RE -c -I../Inc -I"/home/ark/st/MPU6050_Drivers/MPU6050_drivers/MiddleWare/Inc" -O0 -ffunction-sections -fdata-sections -Wall -fstack-usage -MMD -MP -MF"MiddleWare/Src/stm32f446xx_gpio.d" -MT"MiddleWare/Src/stm32f446xx_gpio.o" --specs=nano.specs -mfpu=fpv4-sp-d16 -mfloat-abi=hard -mthumb -o "MiddleWare/Src/stm32f446xx_gpio.o"
arm-none-eabi-gcc "../MiddleWare/Src/stm32f446xx_i2c.c" -mcpu=cortex-m4 -std=gnu11 -g3 -DSTM32 -DSTM32F4 -DSTM32F446RETx -DDEBUG -DNUCLEO_F446RE -c -I../Inc -I"/home/ark/st/MPU6050_Drivers/MPU6050_drivers/MiddleWare/Inc" -O0 -ffunction-sections -fdata-sections -Wall -fstack-usage -MMD -MP -MF"MiddleWare/Src/stm32f446xx_i2c.d" -MT"MiddleWare/Src/stm32f446xx_i2c.o" --specs=nano.specs -mfpu=fpv4-sp-d16 -mfloat-abi=hard -mthumb -o "MiddleWare/Src/stm32f446xx_i2c.o"
arm-none-eabi-gcc "../MiddleWare/Src/stm32f446xx_rcc.c" -mcpu=cortex-m4 -std=gnu11 -g3 -DSTM32 -DSTM32F4 -DSTM32F446RETx -DDEBUG -DNUCLEO_F446RE -c -I../Inc -I"/home/ark/st/MPU6050_Drivers/MPU6050_drivers/MiddleWare/Inc" -O0 -ffunction-sections -fdata-sections -Wall -fstack-usage -MMD -MP -MF"MiddleWare/Src/stm32f446xx_rcc.d" -MT"MiddleWare/Src/stm32f446xx_rcc.o" --specs=nano.specs -mfpu=fpv4-sp-d16 -mfloat-abi=hard -mthumb -o "MiddleWare/Src/stm32f446xx_rcc.o"
In file included from ../Src/mpu6050.c:36:0:
../Inc/mpu6050.h:14:10: fatal error: i2c.h: No such file or directory
 #include "i2c.h"
          ^~~~~~~
compilation terminated.
make: *** [Src/subdir.mk:31: Src/mpu6050.o] Error 1
make: *** Waiting for unfinished jobs....
../Src/main.c:32:4: warning: #warning "FPU is not initialized, but the project is compiling for an FPU. Please initialize the FPU before use." [-Wcpp]
   #warning "FPU is not initialized, but the project is compiling for an FPU. Please initialize the FPU before use."
    ^~~~~~~
In file included from ../Src/main.c:53:0:
../Inc/mpu6050.h:14:10: fatal error: i2c.h: No such file or directory
 #include "i2c.h"
          ^~~~~~~
compilation terminated.
make: *** [Src/subdir.mk:29: Src/main.o] Error 1
"make -j8 all" terminated with exit code 2. Build might be incomplete.

17:20:39 Build Failed. 5 errors, 1 warnings. (took 1s.344ms)

